<?xml version="1.0" encoding="UTF-8"?>
<testsuites name="Mocha Tests" time="252.394" tests="1" failures="1">
  <testsuite name="Root Suite" timestamp="2023-03-27T11:07:11" tests="0" file="cypress/e2e/wallet/fundUser.cy.js" time="0.000" failures="0">
  </testsuite>
  <testsuite name="Fund User" timestamp="2023-03-27T11:07:11" tests="1" time="252.386" failures="1">
    <testcase name="Fund User &quot;before each&quot; hook for &quot;Test that user is able to navigate to fund user popup&quot;" time="81.780" classname="&quot;before each&quot; hook for &quot;Test that user is able to navigate to fund user popup&quot;">
      <failure message="Timed out retrying after 80000ms: Expected to find element: `.sc-hhOBVt &gt; div`, but never found it.

Because this error occurred during a `before each` hook we are skipping the remaining tests in the current suite: `Fund User`" type="AssertionError"><![CDATA[AssertionError: Timed out retrying after 80000ms: Expected to find element: `.sc-hhOBVt > div`, but never found it.

Because this error occurred during a `before each` hook we are skipping the remaining tests in the current suite: `Fund User`
    at CreateUserPage.eval [as welcomeMessage] (webpack:///./cypress/support/pages/accounts/createUser-page.js:5:28)
    at CreateUserPage.accessPOPortal (webpack:///./cypress/support/pages/accounts/createUser-page.js:35:9)
    at Context.eval (webpack:///./cypress/e2e/wallet/fundUser.cy.js:12:18)]]></failure>
    </testcase>
  </testsuite>
</testsuites>