<?xml version="1.0" encoding="UTF-8"?>
<testsuites name="Mocha Tests" time="275.671" tests="1" failures="1">
  <testsuite name="Root Suite" timestamp="2023-03-27T14:36:56" tests="0" file="cypress/e2e/accounts/createUser.cy.js" time="0.000" failures="0">
  </testsuite>
  <testsuite name="Create User" timestamp="2023-03-27T14:36:56" tests="1" time="275.663" failures="1">
    <testcase name="Create User &quot;before each&quot; hook for &quot;Test that user is able to invite a new user to the organization&quot;" time="81.763" classname="&quot;before each&quot; hook for &quot;Test that user is able to invite a new user to the organization&quot;">
      <failure message="Timed out retrying after 80000ms: Expected to find element: `.sc-hhOBVt &gt; div`, but never found it.

Because this error occurred during a `before each` hook we are skipping the remaining tests in the current suite: `Create User`" type="AssertionError"><![CDATA[AssertionError: Timed out retrying after 80000ms: Expected to find element: `.sc-hhOBVt > div`, but never found it.

Because this error occurred during a `before each` hook we are skipping the remaining tests in the current suite: `Create User`
    at CreateUserPage.eval [as welcomeMessage] (webpack:///./cypress/support/pages/accounts/createUser-page.js:5:28)
    at CreateUserPage.accessPOPortal (webpack:///./cypress/support/pages/accounts/createUser-page.js:35:9)
    at Context.eval (webpack:///./cypress/e2e/accounts/createUser.cy.js:11:18)]]></failure>
    </testcase>
  </testsuite>
</testsuites>