<?xml version="1.0" encoding="UTF-8"?>
<testsuites name="Mocha Tests" time="251.397" tests="1" failures="1">
  <testsuite name="Root Suite" timestamp="2023-03-29T14:43:48" tests="0" file="cypress/e2e/program/createProgram.cy.js" time="0.000" failures="0">
  </testsuite>
  <testsuite name="Create Program" timestamp="2023-03-29T14:43:48" tests="1" time="251.389" failures="1">
    <testcase name="Create Program &quot;before each&quot; hook for &quot;Test that user is able to navigate to create program popup&quot;" time="81.758" classname="&quot;before each&quot; hook for &quot;Test that user is able to navigate to create program popup&quot;">
      <failure message="Timed out retrying after 80000ms: Expected to find element: `.sc-hhOBVt &gt; div`, but never found it.

Because this error occurred during a `before each` hook we are skipping the remaining tests in the current suite: `Create Program`" type="AssertionError"><![CDATA[AssertionError: Timed out retrying after 80000ms: Expected to find element: `.sc-hhOBVt > div`, but never found it.

Because this error occurred during a `before each` hook we are skipping the remaining tests in the current suite: `Create Program`
    at CreateUserPage.eval [as welcomeMessage] (webpack:///./cypress/support/pages/accounts/createUser-page.js:5:28)
    at CreateUserPage.accessPOPortal (webpack:///./cypress/support/pages/accounts/createUser-page.js:35:9)
    at Context.eval (webpack:///./cypress/e2e/program/createProgram.cy.js:12:18)]]></failure>
    </testcase>
  </testsuite>
</testsuites>